<?xml version="1.0" encoding="UTF-8"?>
<!-- Generated by org.testng.reporters.JUnitReportReporter -->
<testsuite hostname="LAP-SUMEDHS" failures="0" tests="3" name="nuego_automation_project.NuegoBookingTest" time="46.023" errors="0" timestamp="2025-10-27T11:55:17 IST" skipped="0">
  <testcase classname="nuego_automation_project.NuegoBookingTest" name="testHomePageActions" time="15.189"/>
  <testcase classname="nuego_automation_project.NuegoBookingTest" name="testFilters" time="11.887"/>
  <testcase classname="nuego_automation_project.NuegoBookingTest" name="testSeatSelectionAndBooking" time="18.947"/>
</testsuite> <!-- nuego_automation_project.NuegoBookingTest -->
