<?xml version="1.0" encoding="UTF-8"?>
<!-- Generated by org.testng.reporters.JUnitReportReporter -->
<testsuite hostname="LAP-SUMEDHS" failures="0" tests="3" name="nuego_automation_project.NuegoBookingTest" time="45.225" errors="0" timestamp="2025-10-23T15:05:00 IST" skipped="0">
  <testcase classname="nuego_automation_project.NuegoBookingTest" name="testHomePageActions" time="15.229"/>
  <testcase classname="nuego_automation_project.NuegoBookingTest" name="testFilters" time="11.078"/>
  <testcase classname="nuego_automation_project.NuegoBookingTest" name="testSeatSelectionAndBooking" time="18.918"/>
</testsuite> <!-- nuego_automation_project.NuegoBookingTest -->
